\BOOKMARK [0][-]{chapter.1}{Aufgabenstellung}{}% 1
\BOOKMARK [0][-]{chapter.2}{Material und Methoden}{}% 2
\BOOKMARK [1][-]{section.2.1}{Plattformen}{chapter.2}% 3
\BOOKMARK [2][-]{subsection.2.1.1}{Raspberry Pi}{section.2.1}% 4
\BOOKMARK [2][-]{subsection.2.1.2}{Arduino}{section.2.1}% 5
\BOOKMARK [1][-]{section.2.2}{Software}{chapter.2}% 6
\BOOKMARK [2][-]{subsection.2.2.1}{Semantic Web}{section.2.2}% 7
\BOOKMARK [2][-]{subsection.2.2.2}{SSP}{section.2.2}% 8
\BOOKMARK [2][-]{subsection.2.2.3}{nCOAP}{section.2.2}% 9
\BOOKMARK [2][-]{subsection.2.2.4}{Informationsdienste}{section.2.2}% 10
\BOOKMARK [2][-]{subsection.2.2.5}{OpenCV}{section.2.2}% 11
\BOOKMARK [1][-]{section.2.3}{Bauteile}{chapter.2}% 12
\BOOKMARK [2][-]{subsection.2.3.1}{Leuchtdiode}{section.2.3}% 13
\BOOKMARK [2][-]{subsection.2.3.2}{Fotowiderstand}{section.2.3}% 14
\BOOKMARK [0][-]{chapter.3}{Meilenstein I}{}% 15
\BOOKMARK [1][-]{section.3.1}{LED}{chapter.3}% 16
\BOOKMARK [1][-]{section.3.2}{LDR Digital}{chapter.3}% 17
\BOOKMARK [1][-]{section.3.3}{LDR Analog}{chapter.3}% 18
\BOOKMARK [0][-]{chapter.4}{Meilenstein II}{}% 19
\BOOKMARK [1][-]{section.4.1}{COAP2SSP}{chapter.4}% 20
\BOOKMARK [1][-]{section.4.2}{SSP2PI}{chapter.4}% 21
\BOOKMARK [0][-]{chapter.5}{Meilenstein III}{}% 22
\BOOKMARK [1][-]{section.5.1}{Smart Mirror}{chapter.5}% 23
\BOOKMARK [2][-]{subsection.5.1.1}{Gesichtserkennung}{section.5.1}% 24
\BOOKMARK [2][-]{subsection.5.1.2}{Informationen}{section.5.1}% 25
\BOOKMARK [2][-]{subsection.5.1.3}{Darstellung}{section.5.1}% 26
\BOOKMARK [0][-]{chapter*.40}{List of Figures}{}% 27
\BOOKMARK [0][-]{chapter*.41}{Listings}{}% 28
\BOOKMARK [0][-]{chapter*.42}{List of Tables}{}% 29
\BOOKMARK [0][-]{chapter*.43}{List of Corrections}{}% 30
